Express server listening on port 7777
env.PORT -->undefined
config.PORT -->7777
Connection to Redis Server Ok
Entering monitoring mode.
Thu Sep 13 2012 14:43:02 GMT+0000 (GMT)
Time :-->1347547382.360626
[ 'monitor' ]
{ path: '*',
  method: 'get',
  callbacks: [ [Function] ],
  keys: [],
  regexp: /^(.*)\/?$/i,
  params: [ '/tokenator/timedtoken/get_token' ] }
get query -->
{ time_validity: '18000',
  device_id: 'dev',
  device_time: '1347541452' }
1347547430901
validity -->18000
Val of -->1347541452
<-- option --->
{ key: 'N2U4M2I0NmI4MTZmMzZlMDM1ZjEwZG',
  token: 'N2U4M2I0NmI4MTZmMzZlMDM1ZjEwZG',
  validity: '18000',
  device: 'dev',
  deviceTime: '1347541452',
  status: 0,
  tokenType: 0,
  ip: '10.0.0.57',
  startTime: 1347547430901,
  endTime: 0 }
Token generated..OK
{ key: 'N2U4M2I0NmI4MTZmMzZlMDM1ZjEwZG',
  token: 'N2U4M2I0NmI4MTZmMzZlMDM1ZjEwZG',
  validity: '18000',
  device: 'dev',
  deviceTime: '1347541452',
  status: 0,
  tokenType: 0,
  ip: '10.0.0.57',
  startTime: 1347547430901,
  endTime: 0 }
Thu Sep 13 2012 14:43:50 GMT+0000 (GMT)
Time :-->1347547430.907793
[ 'hmset',
  'N2U4M2I0NmI4MTZmMzZlMDM1ZjEwZG',
  'key',
  'N2U4M2I0NmI4MTZmMzZlMDM1ZjEwZG',
  'token',
  'N2U4M2I0NmI4MTZmMzZlMDM1ZjEwZG',
  'validity',
  '18000',
  'device',
  'dev',
  'deviceTime',
  '1347541452',
  'status',
  '0',
  'tokenType',
  '0',
  'ip',
  '10.0.0.57',
  'startTime',
  '1347547430901',
  'endTime',
  '0' ]
[90mGET /tokenator/timedtoken/get_token?time_validity=18000&device_id=dev&device_time=1347541452 [32m200 [90m17ms - 30[0m
{ path: '*',
  method: 'get',
  callbacks: [ [Function] ],
  keys: [],
  regexp: /^(.*)\/?$/i,
  params: [ '/tokenator/timedtoken/get_token' ] }
get query -->
{ time_validity: '18000',
  device_id: 'dev',
  device_time: '1347541452' }
1347547487221
validity -->18000
Val of -->1347541452
<-- option --->
{ key: 'Yjg0ZThmOTc3OTcwZDBmMDY4YjExNT',
  token: 'Yjg0ZThmOTc3OTcwZDBmMDY4YjExNT',
  validity: '18000',
  device: 'dev',
  deviceTime: '1347541452',
  status: 0,
  tokenType: 0,
  ip: '10.0.0.57',
  startTime: 1347547487221,
  endTime: 0 }
Token generated..OK
{ key: 'Yjg0ZThmOTc3OTcwZDBmMDY4YjExNT',
  token: 'Yjg0ZThmOTc3OTcwZDBmMDY4YjExNT',
  validity: '18000',
  device: 'dev',
  deviceTime: '1347541452',
  status: 0,
  tokenType: 0,
  ip: '10.0.0.57',
  startTime: 1347547487221,
  endTime: 0 }
Thu Sep 13 2012 14:44:47 GMT+0000 (GMT)
Time :-->1347547487.221986
[ 'hmset',
  'Yjg0ZThmOTc3OTcwZDBmMDY4YjExNT',
  'key',
  'Yjg0ZThmOTc3OTcwZDBmMDY4YjExNT',
  'token',
  'Yjg0ZThmOTc3OTcwZDBmMDY4YjExNT',
  'validity',
  '18000',
  'device',
  'dev',
  'deviceTime',
  '1347541452',
  'status',
  '0',
  'tokenType',
  '0',
  'ip',
  '10.0.0.57',
  'startTime',
  '1347547487221',
  'endTime',
  '0' ]
[90mGET /tokenator/timedtoken/get_token?time_validity=18000&device_id=dev&device_time=1347541452 [32m200 [90m5ms - 30[0m
{ path: '*',
  method: 'get',
  callbacks: [ [Function] ],
  keys: [],
  regexp: /^(.*)\/?$/i,
  params: [ '/tokenator/timedtoken/get_token' ] }
get query -->
{ time_validity: '180000',
  device_id: 'dev',
  device_time: '1347541452' }
1347547627965
validity -->180000
Val of -->1347541452
<-- option --->
{ key: 'OWVjMTMwOGJjYmViNTY2MTdjY2ViZT',
  token: 'OWVjMTMwOGJjYmViNTY2MTdjY2ViZT',
  validity: '180000',
  device: 'dev',
  deviceTime: '1347541452',
  status: 0,
  tokenType: 0,
  ip: '10.0.0.57',
  startTime: 1347547627965,
  endTime: 0 }
Token generated..OK
{ key: 'OWVjMTMwOGJjYmViNTY2MTdjY2ViZT',
  token: 'OWVjMTMwOGJjYmViNTY2MTdjY2ViZT',
  validity: '180000',
  device: 'dev',
  deviceTime: '1347541452',
  status: 0,
  tokenType: 0,
  ip: '10.0.0.57',
  startTime: 1347547627965,
  endTime: 0 }
Thu Sep 13 2012 14:47:07 GMT+0000 (GMT)
Time :-->1347547627.966749
[ 'hmset',
  'OWVjMTMwOGJjYmViNTY2MTdjY2ViZT',
  'key',
  'OWVjMTMwOGJjYmViNTY2MTdjY2ViZT',
  'token',
  'OWVjMTMwOGJjYmViNTY2MTdjY2ViZT',
  'validity',
  '180000',
  'device',
  'dev',
  'deviceTime',
  '1347541452',
  'status',
  '0',
  'tokenType',
  '0',
  'ip',
  '10.0.0.57',
  'startTime',
  '1347547627965',
  'endTime',
  '0' ]
[90mGET /tokenator/timedtoken/get_token?time_validity=180000&device_id=dev&device_time=1347541452 [32m200 [90m66ms - 30[0m
{ path: '*',
  method: 'get',
  callbacks: [ [Function] ],
  keys: [],
  regexp: /^(.*)\/?$/i,
  params: [ '/tokenator/timedtoken/get_token' ] }
get query -->
{ time_validity: '180000',
  device_id: 'dev',
  device_time: '1347547614' }
1347547632519
validity -->180000
Val of -->1347547614
<-- option --->
{ key: 'NjgzNzZiMTFiNWJhYjFkM2NlNjUyYz',
  token: 'NjgzNzZiMTFiNWJhYjFkM2NlNjUyYz',
  validity: '180000',
  device: 'dev',
  deviceTime: '1347547614',
  status: 0,
  tokenType: 0,
  ip: '10.0.0.57',
  startTime: 1347547632519,
  endTime: 0 }
Token generated..OK
{ key: 'NjgzNzZiMTFiNWJhYjFkM2NlNjUyYz',
  token: 'NjgzNzZiMTFiNWJhYjFkM2NlNjUyYz',
  validity: '180000',
  device: 'dev',
  deviceTime: '1347547614',
  status: 0,
  tokenType: 0,
  ip: '10.0.0.57',
  startTime: 1347547632519,
  endTime: 0 }
Thu Sep 13 2012 14:47:12 GMT+0000 (GMT)
Time :-->1347547632.519711
[ 'hmset',
  'NjgzNzZiMTFiNWJhYjFkM2NlNjUyYz',
  'key',
  'NjgzNzZiMTFiNWJhYjFkM2NlNjUyYz',
  'token',
  'NjgzNzZiMTFiNWJhYjFkM2NlNjUyYz',
  'validity',
  '180000',
  'device',
  'dev',
  'deviceTime',
  '1347547614',
  'status',
  '0',
  'tokenType',
  '0',
  'ip',
  '10.0.0.57',
  'startTime',
  '1347547632519',
  'endTime',
  '0' ]
[90mGET /tokenator/timedtoken/get_token?time_validity=180000&device_id=dev&device_time=1347547614 [32m200 [90m2ms - 30[0m
{ path: '*',
  method: 'get',
  callbacks: [ [Function] ],
  keys: [],
  regexp: /^(.*)\/?$/i,
  params: [ '/tokenator/timedtoken/get_token' ] }
get query -->
{ time_validity: '180000',
  device_id: 'dev',
  device_time: '1347547614' }
1347547756929
validity -->180000
Val of -->1347547614
<-- option --->
{ key: 'MmE4NTg2MmY0MmQwZTZkMTJhMTA3ND',
  token: 'MmE4NTg2MmY0MmQwZTZkMTJhMTA3ND',
  validity: '180000',
  device: 'dev',
  deviceTime: '1347547614',
  status: 0,
  tokenType: 0,
  ip: '10.0.0.57',
  startTime: 1347547756929,
  endTime: 0 }
Token generated..OK
{ key: 'MmE4NTg2MmY0MmQwZTZkMTJhMTA3ND',
  token: 'MmE4NTg2MmY0MmQwZTZkMTJhMTA3ND',
  validity: '180000',
  device: 'dev',
  deviceTime: '1347547614',
  status: 0,
  tokenType: 0,
  ip: '10.0.0.57',
  startTime: 1347547756929,
  endTime: 0 }
Thu Sep 13 2012 14:49:16 GMT+0000 (GMT)
Time :-->1347547756.929710
[ 'hmset',
  'MmE4NTg2MmY0MmQwZTZkMTJhMTA3ND',
  'key',
  'MmE4NTg2MmY0MmQwZTZkMTJhMTA3ND',
  'token',
  'MmE4NTg2MmY0MmQwZTZkMTJhMTA3ND',
  'validity',
  '180000',
  'device',
  'dev',
  'deviceTime',
  '1347547614',
  'status',
  '0',
  'tokenType',
  '0',
  'ip',
  '10.0.0.57',
  'startTime',
  '1347547756929',
  'endTime',
  '0' ]
[90mGET /tokenator/timedtoken/get_token?time_validity=180000&device_id=dev&device_time=1347547614 [32m200 [90m2ms - 30[0m
Express server listening on port 7777
env.PORT -->undefined
config.PORT -->7777
Connection to Redis Server Ok
Entering monitoring mode.
Thu Sep 13 2012 14:53:02 GMT+0000 (GMT)
Time :-->1347547982.273234
[ 'monitor' ]
get query -->
{ time_validity: '180000',
  device_id: 'dev',
  device_time: '1347548026' }
1347548040880
validity -->180000
Val of -->1347548026
<-- option --->
{ key: 'M2I2N2Q4OGUxZWY2MTE5OTAyNGE1Nm',
  token: 'M2I2N2Q4OGUxZWY2MTE5OTAyNGE1Nm',
  validity: '180000',
  device: 'dev',
  deviceTime: '1347548026',
  status: 0,
  tokenType: 0,
  ip: '10.0.0.57',
  startTime: 1347548040880,
  endTime: 0 }
Token generated..OK
{ key: 'M2I2N2Q4OGUxZWY2MTE5OTAyNGE1Nm',
  token: 'M2I2N2Q4OGUxZWY2MTE5OTAyNGE1Nm',
  validity: '180000',
  device: 'dev',
  deviceTime: '1347548026',
  status: 0,
  tokenType: 0,
  ip: '10.0.0.57',
  startTime: 1347548040880,
  endTime: 0 }
Thu Sep 13 2012 14:54:00 GMT+0000 (GMT)
Time :-->1347548040.881531
[ 'hmset',
  'M2I2N2Q4OGUxZWY2MTE5OTAyNGE1Nm',
  'key',
  'M2I2N2Q4OGUxZWY2MTE5OTAyNGE1Nm',
  'token',
  'M2I2N2Q4OGUxZWY2MTE5OTAyNGE1Nm',
  'validity',
  '180000',
  'device',
  'dev',
  'deviceTime',
  '1347548026',
  'status',
  '0',
  'tokenType',
  '0',
  'ip',
  '10.0.0.57',
  'startTime',
  '1347548040880',
  'endTime',
  '0' ]
[90mGET /tokenator/timedtoken/get_token?time_validity=180000&device_id=dev&device_time=1347548026 [32m200 [90m11ms - 30[0m
Express server listening on port 7777
env.PORT -->undefined
config.PORT -->7777
Connection to Redis Server Ok
Entering monitoring mode.
Thu Sep 13 2012 15:05:30 GMT+0000 (GMT)
Time :-->1347548730.354688
[ 'monitor' ]
Express server listening on port 7777
env.PORT -->undefined
config.PORT -->7777
Connection to Redis Server Ok
Entering monitoring mode.
Thu Sep 13 2012 15:06:10 GMT+0000 (GMT)
Time :-->1347548770.741468
[ 'monitor' ]
get query -->
{ time_validity: '180000',
  device_id: 'dev',
  device_time: '1347548796' }
1347548806516
validity -->180000
Val of -->1347548796
<-- option --->
{ key: 'ZDc5MDIwYzQ5NjNlYWMwMzJmMGVlOT',
  token: 'ZDc5MDIwYzQ5NjNlYWMwMzJmMGVlOT',
  validity: '180000',
  device: 'dev',
  deviceTime: '1347548796',
  status: 0,
  tokenType: 0,
  ip: '10.0.0.57',
  startTime: 1347548806516,
  endTime: 0 }
Token generated..OK
{ key: 'ZDc5MDIwYzQ5NjNlYWMwMzJmMGVlOT',
  token: 'ZDc5MDIwYzQ5NjNlYWMwMzJmMGVlOT',
  validity: '180000',
  device: 'dev',
  deviceTime: '1347548796',
  status: 0,
  tokenType: 0,
  ip: '10.0.0.57',
  startTime: 1347548806516,
  endTime: 0 }
Thu Sep 13 2012 15:06:46 GMT+0000 (GMT)
Time :-->1347548806.517866
[ 'hmset',
  'ZDc5MDIwYzQ5NjNlYWMwMzJmMGVlOT',
  'key',
  'ZDc5MDIwYzQ5NjNlYWMwMzJmMGVlOT',
  'token',
  'ZDc5MDIwYzQ5NjNlYWMwMzJmMGVlOT',
  'validity',
  '180000',
  'device',
  'dev',
  'deviceTime',
  '1347548796',
  'status',
  '0',
  'tokenType',
  '0',
  'ip',
  '10.0.0.57',
  'startTime',
  '1347548806516',
  'endTime',
  '0' ]
[90mGET /tokenator/timedtoken/get_token?time_validity=180000&device_id=dev&device_time=1347548796 [32m200 [90m13ms - 30[0m
get query -->
{ time_validity: '180000',
  device_id: 'dev',
  device_time: '13475487960' }
1347548808665
validity -->180000
Val of -->13475487960
<-- option --->
{ key: 'ZjRjZWJjZjI2Mjk4ODUwMWQ4NjI0MG',
  token: 'ZjRjZWJjZjI2Mjk4ODUwMWQ4NjI0MG',
  validity: '180000',
  device: 'dev',
  deviceTime: '13475487960',
  status: 0,
  tokenType: 0,
  ip: '10.0.0.57',
  startTime: 1347548808665,
  endTime: 0 }
Token generated..OK
{ key: 'ZjRjZWJjZjI2Mjk4ODUwMWQ4NjI0MG',
  token: 'ZjRjZWJjZjI2Mjk4ODUwMWQ4NjI0MG',
  validity: '180000',
  device: 'dev',
  deviceTime: '13475487960',
  status: 0,
  tokenType: 0,
  ip: '10.0.0.57',
  startTime: 1347548808665,
  endTime: 0 }
Thu Sep 13 2012 15:06:48 GMT+0000 (GMT)
Time :-->1347548808.666220
[ 'hmset',
  'ZjRjZWJjZjI2Mjk4ODUwMWQ4NjI0MG',
  'key',
  'ZjRjZWJjZjI2Mjk4ODUwMWQ4NjI0MG',
  'token',
  'ZjRjZWJjZjI2Mjk4ODUwMWQ4NjI0MG',
  'validity',
  '180000',
  'device',
  'dev',
  'deviceTime',
  '13475487960',
  'status',
  '0',
  'tokenType',
  '0',
  'ip',
  '10.0.0.57',
  'startTime',
  '1347548808665',
  'endTime',
  '0' ]
[90mGET /tokenator/timedtoken/get_token?time_validity=180000&device_id=dev&device_time=13475487960 [32m200 [90m6ms - 30[0m
get query -->
{ time_validity: '180000',
  device_id: 'dev',
  device_time: '134754879600' }
1347548809230
validity -->180000
Val of -->134754879600
<-- option --->
{ key: 'OTcwYjg4Njk5MTRkZjNkZmI4NDliOD',
  token: 'OTcwYjg4Njk5MTRkZjNkZmI4NDliOD',
  validity: '180000',
  device: 'dev',
  deviceTime: '134754879600',
  status: 0,
  tokenType: 0,
  ip: '10.0.0.57',
  startTime: 1347548809230,
  endTime: 0 }
Token generated..OK
{ key: 'OTcwYjg4Njk5MTRkZjNkZmI4NDliOD',
  token: 'OTcwYjg4Njk5MTRkZjNkZmI4NDliOD',
  validity: '180000',
  device: 'dev',
  deviceTime: '134754879600',
  status: 0,
  tokenType: 0,
  ip: '10.0.0.57',
  startTime: 1347548809230,
  endTime: 0 }
Thu Sep 13 2012 15:06:49 GMT+0000 (GMT)
Time :-->1347548809.232082
[ 'hmset',
  'OTcwYjg4Njk5MTRkZjNkZmI4NDliOD',
  'key',
  'OTcwYjg4Njk5MTRkZjNkZmI4NDliOD',
  'token',
  'OTcwYjg4Njk5MTRkZjNkZmI4NDliOD',
  'validity',
  '180000',
  'device',
  'dev',
  'deviceTime',
  '134754879600',
  'status',
  '0',
  'tokenType',
  '0',
  'ip',
  '10.0.0.57',
  'startTime',
  '1347548809230',
  'endTime',
  '0' ]
[90mGET /tokenator/timedtoken/get_token?time_validity=180000&device_id=dev&device_time=134754879600 [32m200 [90m10ms - 30[0m
get query -->
{ time_validity: '180000',
  device_id: 'dev',
  device_time: '1347548796000' }
1347548809614
validity -->180000
Val of -->1347548796000
<-- option --->
{ key: 'OTRiNTVlNDM0MDAzYTY4MzUxNDc5Zj',
  token: 'OTRiNTVlNDM0MDAzYTY4MzUxNDc5Zj',
  validity: '180000',
  device: 'dev',
  deviceTime: '1347548796000',
  status: 0,
  tokenType: 0,
  ip: '10.0.0.57',
  startTime: 1347548809614,
  endTime: 0 }
Token generated..OK
{ key: 'OTRiNTVlNDM0MDAzYTY4MzUxNDc5Zj',
  token: 'OTRiNTVlNDM0MDAzYTY4MzUxNDc5Zj',
  validity: '180000',
  device: 'dev',
  deviceTime: '1347548796000',
  status: 0,
  tokenType: 0,
  ip: '10.0.0.57',
  startTime: 1347548809614,
  endTime: 0 }
Thu Sep 13 2012 15:06:49 GMT+0000 (GMT)
Time :-->1347548809.615296
[ 'hmset',
  'OTRiNTVlNDM0MDAzYTY4MzUxNDc5Zj',
  'key',
  'OTRiNTVlNDM0MDAzYTY4MzUxNDc5Zj',
  'token',
  'OTRiNTVlNDM0MDAzYTY4MzUxNDc5Zj',
  'validity',
  '180000',
  'device',
  'dev',
  'deviceTime',
  '1347548796000',
  'status',
  '0',
  'tokenType',
  '0',
  'ip',
  '10.0.0.57',
  'startTime',
  '1347548809614',
  'endTime',
  '0' ]
[90mGET /tokenator/timedtoken/get_token?time_validity=180000&device_id=dev&device_time=1347548796000 [32m200 [90m3ms - 30[0m
Thu Sep 13 2012 15:08:14 GMT+0000 (GMT)
Time :-->1347548894.941209
[ 'hgetall', 'OTRiNTVlNDM0MDAzYTY4MzUxNDc5Zj' ]
Express server listening on port 7777
env.PORT -->undefined
config.PORT -->7777
Connection to Redis Server Ok
Entering monitoring mode.
Thu Sep 13 2012 15:09:45 GMT+0000 (GMT)
Time :-->1347548985.318947
[ 'monitor' ]
get query -->
{ time_validity: '180000',
  device_id: 'dev',
  device_time: 'OTRiNTVlNDM0MDAzYTY4MzUxNDc5Zj000' }
1347549009231
validity -->180000
Val of -->NaN
Get Token error
[Error: Invalid device time]
[90mGET /tokenator/timedtoken/get_token?time_validity=180000&device_id=dev&device_time=OTRiNTVlNDM0MDAzYTY4MzUxNDc5Zj000 [32m200 [90m10ms - 5[0m
get query -->
{ time_validity: '180000',
  device_id: 'dev',
  device_time: 'OTRiNTVlNDM0MDAzYTY4MzUxNDc5Zj1347548796000' }
1347549023749
validity -->180000
Val of -->NaN
Get Token error
[Error: Invalid device time]
[90mGET /tokenator/timedtoken/get_token?time_validity=180000&device_id=dev&device_time=OTRiNTVlNDM0MDAzYTY4MzUxNDc5Zj1347548796000 [32m200 [90m3ms - 5[0m
get query -->
{ time_validity: '180000', device_id: 'dev', device_time: '' }
1347549030013
validity -->180000
Get Token error
[Error: Invalid device time]
[90mGET /tokenator/timedtoken/get_token?time_validity=180000&device_id=dev&device_time= [32m200 [90m2ms - 5[0m
get query -->
{ time_validity: '180000',
  device_id: 'dev',
  device_time: '1347549000' }
1347549030596
validity -->180000
Val of -->1347549000
<-- option --->
{ key: 'NWMyZDg5ZjIxMTBkYjMwNjAwM2VhND',
  token: 'NWMyZDg5ZjIxMTBkYjMwNjAwM2VhND',
  validity: '180000',
  device: 'dev',
  deviceTime: '1347549000',
  status: 0,
  tokenType: 0,
  ip: '10.0.0.57',
  startTime: 1347549030596,
  endTime: 0 }
Token generated..OK
{ key: 'NWMyZDg5ZjIxMTBkYjMwNjAwM2VhND',
  token: 'NWMyZDg5ZjIxMTBkYjMwNjAwM2VhND',
  validity: '180000',
  device: 'dev',
  deviceTime: '1347549000',
  status: 0,
  tokenType: 0,
  ip: '10.0.0.57',
  startTime: 1347549030596,
  endTime: 0 }
Thu Sep 13 2012 15:10:30 GMT+0000 (GMT)
Time :-->1347549030.597429
[ 'hmset',
  'NWMyZDg5ZjIxMTBkYjMwNjAwM2VhND',
  'key',
  'NWMyZDg5ZjIxMTBkYjMwNjAwM2VhND',
  'token',
  'NWMyZDg5ZjIxMTBkYjMwNjAwM2VhND',
  'validity',
  '180000',
  'device',
  'dev',
  'deviceTime',
  '1347549000',
  'status',
  '0',
  'tokenType',
  '0',
  'ip',
  '10.0.0.57',
  'startTime',
  '1347549030596',
  'endTime',
  '0' ]
[90mGET /tokenator/timedtoken/get_token?time_validity=180000&device_id=dev&device_time=1347549000 [32m200 [90m4ms - 30[0m
get query -->
{ time_validity: '180000',
  device_id: 'dev',
  device_time: '134754900000' }
1347549032923
validity -->180000
Val of -->134754900000
<-- option --->
{ key: 'YTMyYzYyODU2MmRlZGFkOGQ2ODhhOD',
  token: 'YTMyYzYyODU2MmRlZGFkOGQ2ODhhOD',
  validity: '180000',
  device: 'dev',
  deviceTime: '134754900000',
  status: 0,
  tokenType: 0,
  ip: '10.0.0.57',
  startTime: 1347549032923,
  endTime: 0 }
Token generated..OK
{ key: 'YTMyYzYyODU2MmRlZGFkOGQ2ODhhOD',
  token: 'YTMyYzYyODU2MmRlZGFkOGQ2ODhhOD',
  validity: '180000',
  device: 'dev',
  deviceTime: '134754900000',
  status: 0,
  tokenType: 0,
  ip: '10.0.0.57',
  startTime: 1347549032923,
  endTime: 0 }
Thu Sep 13 2012 15:10:32 GMT+0000 (GMT)
Time :-->1347549032.924408
[ 'hmset',
  'YTMyYzYyODU2MmRlZGFkOGQ2ODhhOD',
  'key',
  'YTMyYzYyODU2MmRlZGFkOGQ2ODhhOD',
  'token',
  'YTMyYzYyODU2MmRlZGFkOGQ2ODhhOD',
  'validity',
  '180000',
  'device',
  'dev',
  'deviceTime',
  '134754900000',
  'status',
  '0',
  'tokenType',
  '0',
  'ip',
  '10.0.0.57',
  'startTime',
  '1347549032923',
  'endTime',
  '0' ]
[90mGET /tokenator/timedtoken/get_token?time_validity=180000&device_id=dev&device_time=134754900000 [32m200 [90m6ms - 30[0m
get query -->
{ time_validity: '180000',
  device_id: 'dev',
  device_time: '1347549000000' }
1347549033149
validity -->180000
Val of -->1347549000000
<-- option --->
{ key: 'ZjRhZmQ2YzYxNjM5NGYyNThiYzhjMG',
  token: 'ZjRhZmQ2YzYxNjM5NGYyNThiYzhjMG',
  validity: '180000',
  device: 'dev',
  deviceTime: '1347549000000',
  status: 0,
  tokenType: 0,
  ip: '10.0.0.57',
  startTime: 1347549033149,
  endTime: 0 }
Token generated..OK
{ key: 'ZjRhZmQ2YzYxNjM5NGYyNThiYzhjMG',
  token: 'ZjRhZmQ2YzYxNjM5NGYyNThiYzhjMG',
  validity: '180000',
  device: 'dev',
  deviceTime: '1347549000000',
  status: 0,
  tokenType: 0,
  ip: '10.0.0.57',
  startTime: 1347549033149,
  endTime: 0 }
Thu Sep 13 2012 15:10:33 GMT+0000 (GMT)
Time :-->1347549033.150846
[ 'hmset',
  'ZjRhZmQ2YzYxNjM5NGYyNThiYzhjMG',
  'key',
  'ZjRhZmQ2YzYxNjM5NGYyNThiYzhjMG',
  'token',
  'ZjRhZmQ2YzYxNjM5NGYyNThiYzhjMG',
  'validity',
  '180000',
  'device',
  'dev',
  'deviceTime',
  '1347549000000',
  'status',
  '0',
  'tokenType',
  '0',
  'ip',
  '10.0.0.57',
  'startTime',
  '1347549033149',
  'endTime',
  '0' ]
[90mGET /tokenator/timedtoken/get_token?time_validity=180000&device_id=dev&device_time=1347549000000 [32m200 [90m6ms - 30[0m
